2026-03-01 14:44:09,552 - INFO - ==================================================
2026-03-01 14:44:09,553 - INFO - MiniMax API 配额监控启动
2026-03-01 14:44:09,553 - INFO - 日志文件: /Users/rrp/.openclaw/workspace/monitoring/minimax_quota.log
2026-03-01 14:44:09,553 - INFO - 告警阈值: 80%
2026-03-01 14:44:09,553 - INFO - ==================================================
2026-03-01 14:44:09,553 - INFO - 执行首次配额检查...
2026-03-01 14:44:09,943 - ERROR - API 请求失败: 404 Client Error: 404 Page not found for url: https://www.minimaxi.com/v1/api/openplatform/coding_plan/remains
2026-03-01 14:44:54,193 - INFO - ==================================================
2026-03-01 14:44:54,193 - INFO - MiniMax API 配额监控启动
2026-03-01 14:44:54,193 - INFO - 日志文件: /Users/rrp/.openclaw/workspace/monitoring/minimax_quota.log
2026-03-01 14:44:54,193 - INFO - 告警阈值: 80%
2026-03-01 14:44:54,193 - INFO - ==================================================
2026-03-01 14:44:54,193 - INFO - 执行首次配额检查...
2026-03-01 14:44:54,356 - ERROR - API 请求失败: 404 Client Error: 404 Page not found for url: https://www.minimaxi.com/v1/api/openplatform/coding_plan/remains
2026-03-01 14:45:26,592 - INFO - ==================================================
2026-03-01 14:45:26,592 - INFO - MiniMax API 配额监控启动
2026-03-01 14:45:26,592 - INFO - 日志文件: /Users/rrp/.openclaw/workspace/monitoring/minimax_quota.log
2026-03-01 14:45:26,592 - INFO - 告警阈值: 80%
2026-03-01 14:45:26,592 - INFO - ==================================================
2026-03-01 14:45:26,592 - INFO - 执行首次配额检查...
2026-03-01 14:45:26,814 - INFO - MiniMax-M2: 已用 766/1500 (51.1%), 剩余 734
2026-03-01 14:45:26,814 - INFO - MiniMax-M2.1: 已用 766/1500 (51.1%), 剩余 734
2026-03-01 14:45:26,814 - INFO - MiniMax-M2.5: 已用 766/1500 (51.1%), 剩余 734
2026-03-01 14:46:26,966 - INFO - 执行定时配额检查...
2026-03-01 14:46:27,175 - INFO - MiniMax-M2: 已用 755/1500 (50.3%), 剩余 745
2026-03-01 14:46:27,176 - INFO - MiniMax-M2.1: 已用 755/1500 (50.3%), 剩余 745
2026-03-01 14:46:27,176 - INFO - MiniMax-M2.5: 已用 755/1500 (50.3%), 剩余 745
2026-03-01 14:47:27,303 - INFO - 执行定时配额检查...
2026-03-01 14:47:27,556 - INFO - MiniMax-M2: 已用 754/1500 (50.3%), 剩余 746
2026-03-01 14:47:27,556 - INFO - MiniMax-M2.1: 已用 754/1500 (50.3%), 剩余 746
2026-03-01 14:47:27,556 - INFO - MiniMax-M2.5: 已用 754/1500 (50.3%), 剩余 746
2026-03-01 14:48:27,707 - INFO - 执行定时配额检查...
2026-03-01 14:48:28,030 - INFO - MiniMax-M2: 已用 750/1500 (50.0%), 剩余 750
2026-03-01 14:48:28,031 - INFO - MiniMax-M2.1: 已用 750/1500 (50.0%), 剩余 750
2026-03-01 14:48:28,031 - INFO - MiniMax-M2.5: 已用 750/1500 (50.0%), 剩余 750
2026-03-01 14:49:28,044 - INFO - 执行定时配额检查...
2026-03-01 14:49:28,250 - INFO - MiniMax-M2: 已用 745/1500 (49.7%), 剩余 755
2026-03-01 14:49:28,251 - INFO - MiniMax-M2.1: 已用 745/1500 (49.7%), 剩余 755
2026-03-01 14:49:28,251 - INFO - MiniMax-M2.5: 已用 745/1500 (49.7%), 剩余 755
2026-03-01 14:50:28,260 - INFO - 执行定时配额检查...
2026-03-01 14:50:28,504 - INFO - MiniMax-M2: 已用 745/1500 (49.7%), 剩余 755
2026-03-01 14:50:28,504 - INFO - MiniMax-M2.1: 已用 745/1500 (49.7%), 剩余 755
2026-03-01 14:50:28,504 - INFO - MiniMax-M2.5: 已用 745/1500 (49.7%), 剩余 755
2026-03-01 14:51:28,600 - INFO - 执行定时配额检查...
2026-03-01 14:51:28,843 - INFO - MiniMax-M2: 已用 744/1500 (49.6%), 剩余 756
2026-03-01 14:51:28,843 - INFO - MiniMax-M2.1: 已用 744/1500 (49.6%), 剩余 756
2026-03-01 14:51:28,844 - INFO - MiniMax-M2.5: 已用 744/1500 (49.6%), 剩余 756
2026-03-01 14:52:28,995 - INFO - 执行定时配额检查...
2026-03-01 14:52:29,249 - INFO - MiniMax-M2: 已用 744/1500 (49.6%), 剩余 756
2026-03-01 14:52:29,249 - INFO - MiniMax-M2.1: 已用 744/1500 (49.6%), 剩余 756
2026-03-01 14:52:29,249 - INFO - MiniMax-M2.5: 已用 744/1500 (49.6%), 剩余 756
2026-03-01 14:53:29,385 - INFO - 执行定时配额检查...
2026-03-01 14:53:29,660 - INFO - MiniMax-M2: 已用 742/1500 (49.5%), 剩余 758
2026-03-01 14:53:29,661 - INFO - MiniMax-M2.1: 已用 742/1500 (49.5%), 剩余 758
2026-03-01 14:53:29,661 - INFO - MiniMax-M2.5: 已用 742/1500 (49.5%), 剩余 758
2026-03-01 14:54:29,803 - INFO - 执行定时配额检查...
2026-03-01 14:54:30,212 - INFO - MiniMax-M2: 已用 742/1500 (49.5%), 剩余 758
2026-03-01 14:54:30,213 - INFO - MiniMax-M2.1: 已用 742/1500 (49.5%), 剩余 758
2026-03-01 14:54:30,213 - INFO - MiniMax-M2.5: 已用 742/1500 (49.5%), 剩余 758
2026-03-01 14:55:30,229 - INFO - 执行定时配额检查...
2026-03-01 14:55:30,433 - INFO - MiniMax-M2: 已用 739/1500 (49.3%), 剩余 761
2026-03-01 14:55:30,434 - INFO - MiniMax-M2.1: 已用 739/1500 (49.3%), 剩余 761
2026-03-01 14:55:30,434 - INFO - MiniMax-M2.5: 已用 739/1500 (49.3%), 剩余 761
2026-03-01 14:56:30,548 - INFO - 执行定时配额检查...
2026-03-01 14:56:30,780 - INFO - MiniMax-M2: 已用 731/1500 (48.7%), 剩余 769
2026-03-01 14:56:30,780 - INFO - MiniMax-M2.1: 已用 731/1500 (48.7%), 剩余 769
2026-03-01 14:56:30,780 - INFO - MiniMax-M2.5: 已用 731/1500 (48.7%), 剩余 769
2026-03-01 14:57:30,931 - INFO - 执行定时配额检查...
2026-03-01 14:57:31,203 - INFO - MiniMax-M2: 已用 728/1500 (48.5%), 剩余 772
2026-03-01 14:57:31,204 - INFO - MiniMax-M2.1: 已用 728/1500 (48.5%), 剩余 772
2026-03-01 14:57:31,204 - INFO - MiniMax-M2.5: 已用 728/1500 (48.5%), 剩余 772
2026-03-01 14:58:31,355 - INFO - 执行定时配额检查...
2026-03-01 14:58:31,619 - INFO - MiniMax-M2: 已用 728/1500 (48.5%), 剩余 772
2026-03-01 14:58:31,620 - INFO - MiniMax-M2.1: 已用 728/1500 (48.5%), 剩余 772
2026-03-01 14:58:31,620 - INFO - MiniMax-M2.5: 已用 728/1500 (48.5%), 剩余 772
2026-03-01 14:59:31,771 - INFO - 执行定时配额检查...
2026-03-01 14:59:32,011 - INFO - MiniMax-M2: 已用 728/1500 (48.5%), 剩余 772
2026-03-01 14:59:32,011 - INFO - MiniMax-M2.1: 已用 728/1500 (48.5%), 剩余 772
2026-03-01 14:59:32,011 - INFO - MiniMax-M2.5: 已用 728/1500 (48.5%), 剩余 772
2026-03-01 15:00:32,049 - INFO - 执行定时配额检查...
2026-03-01 15:00:32,261 - INFO - MiniMax-M2: 已用 1500/1500 (100.0%), 剩余 0
2026-03-01 15:00:32,262 - WARNING - ⚠️ 警告: MiniMax-M2 使用量已达到 100.0%，超过 80% 阈值！
2026-03-01 15:00:32,262 - INFO - MiniMax-M2.1: 已用 1500/1500 (100.0%), 剩余 0
2026-03-01 15:00:32,262 - WARNING - ⚠️ 警告: MiniMax-M2.1 使用量已达到 100.0%，超过 80% 阈值！
2026-03-01 15:00:32,262 - INFO - MiniMax-M2.5: 已用 1500/1500 (100.0%), 剩余 0
2026-03-01 15:00:32,262 - WARNING - ⚠️ 警告: MiniMax-M2.5 使用量已达到 100.0%，超过 80% 阈值！
2026-03-01 15:01:32,392 - INFO - 执行定时配额检查...
2026-03-01 15:01:32,635 - INFO - MiniMax-M2: 已用 1500/1500 (100.0%), 剩余 0
2026-03-01 15:01:32,636 - WARNING - ⚠️ 警告: MiniMax-M2 使用量已达到 100.0%，超过 80% 阈值！
2026-03-01 15:01:32,636 - INFO - MiniMax-M2.1: 已用 1500/1500 (100.0%), 剩余 0
2026-03-01 15:01:32,636 - WARNING - ⚠️ 警告: MiniMax-M2.1 使用量已达到 100.0%，超过 80% 阈值！
2026-03-01 15:01:32,636 - INFO - MiniMax-M2.5: 已用 1500/1500 (100.0%), 剩余 0
2026-03-01 15:01:32,636 - WARNING - ⚠️ 警告: MiniMax-M2.5 使用量已达到 100.0%，超过 80% 阈值！
2026-03-01 15:02:32,741 - INFO - 执行定时配额检查...
2026-03-01 15:02:32,957 - INFO - MiniMax-M2: 已用 1500/1500 (100.0%), 剩余 0
2026-03-01 15:02:32,957 - WARNING - ⚠️ 警告: MiniMax-M2 使用量已达到 100.0%，超过 80% 阈值！
2026-03-01 15:02:32,957 - INFO - MiniMax-M2.1: 已用 1500/1500 (100.0%), 剩余 0
2026-03-01 15:02:32,957 - WARNING - ⚠️ 警告: MiniMax-M2.1 使用量已达到 100.0%，超过 80% 阈值！
2026-03-01 15:02:32,957 - INFO - MiniMax-M2.5: 已用 1500/1500 (100.0%), 剩余 0
2026-03-01 15:02:32,957 - WARNING - ⚠️ 警告: MiniMax-M2.5 使用量已达到 100.0%，超过 80% 阈值！
2026-03-01 15:03:33,088 - INFO - 执行定时配额检查...
2026-03-01 15:03:33,405 - INFO - MiniMax-M2: 已用 1500/1500 (100.0%), 剩余 0
2026-03-01 15:03:33,405 - WARNING - ⚠️ 警告: MiniMax-M2 使用量已达到 100.0%，超过 80% 阈值！
2026-03-01 15:03:33,405 - INFO - MiniMax-M2.1: 已用 1500/1500 (100.0%), 剩余 0
2026-03-01 15:03:33,405 - WARNING - ⚠️ 警告: MiniMax-M2.1 使用量已达到 100.0%，超过 80% 阈值！
2026-03-01 15:03:33,405 - INFO - MiniMax-M2.5: 已用 1500/1500 (100.0%), 剩余 0
2026-03-01 15:03:33,405 - WARNING - ⚠️ 警告: MiniMax-M2.5 使用量已达到 100.0%，超过 80% 阈值！
2026-03-01 15:04:33,423 - INFO - 执行定时配额检查...
2026-03-01 15:04:33,669 - INFO - MiniMax-M2: 已用 1500/1500 (100.0%), 剩余 0
2026-03-01 15:04:33,670 - WARNING - ⚠️ 警告: MiniMax-M2 使用量已达到 100.0%，超过 80% 阈值！
2026-03-01 15:04:33,670 - INFO - MiniMax-M2.1: 已用 1500/1500 (100.0%), 剩余 0
2026-03-01 15:04:33,670 - WARNING - ⚠️ 警告: MiniMax-M2.1 使用量已达到 100.0%，超过 80% 阈值！
2026-03-01 15:04:33,670 - INFO - MiniMax-M2.5: 已用 1500/1500 (100.0%), 剩余 0
2026-03-01 15:04:33,670 - WARNING - ⚠️ 警告: MiniMax-M2.5 使用量已达到 100.0%，超过 80% 阈值！
2026-03-01 15:05:33,821 - INFO - 执行定时配额检查...
2026-03-01 15:05:34,095 - INFO - MiniMax-M2: 已用 1500/1500 (100.0%), 剩余 0
2026-03-01 15:05:34,095 - WARNING - ⚠️ 警告: MiniMax-M2 使用量已达到 100.0%，超过 80% 阈值！
2026-03-01 15:05:34,095 - INFO - MiniMax-M2.1: 已用 1500/1500 (100.0%), 剩余 0
2026-03-01 15:05:34,095 - WARNING - ⚠️ 警告: MiniMax-M2.1 使用量已达到 100.0%，超过 80% 阈值！
2026-03-01 15:05:34,095 - INFO - MiniMax-M2.5: 已用 1500/1500 (100.0%), 剩余 0
2026-03-01 15:05:34,095 - WARNING - ⚠️ 警告: MiniMax-M2.5 使用量已达到 100.0%，超过 80% 阈值！
2026-03-01 15:06:34,246 - INFO - 执行定时配额检查...
2026-03-01 15:06:34,482 - INFO - MiniMax-M2: 已用 1500/1500 (100.0%), 剩余 0
2026-03-01 15:06:34,482 - WARNING - ⚠️ 警告: MiniMax-M2 使用量已达到 100.0%，超过 80% 阈值！
2026-03-01 15:06:34,482 - INFO - MiniMax-M2.1: 已用 1500/1500 (100.0%), 剩余 0
2026-03-01 15:06:34,482 - WARNING - ⚠️ 警告: MiniMax-M2.1 使用量已达到 100.0%，超过 80% 阈值！
2026-03-01 15:06:34,482 - INFO - MiniMax-M2.5: 已用 1500/1500 (100.0%), 剩余 0
2026-03-01 15:06:34,482 - WARNING - ⚠️ 警告: MiniMax-M2.5 使用量已达到 100.0%，超过 80% 阈值！
2026-03-01 15:07:34,581 - INFO - 执行定时配额检查...
2026-03-01 15:07:34,787 - INFO - MiniMax-M2: 已用 1500/1500 (100.0%), 剩余 0
2026-03-01 15:07:34,787 - WARNING - ⚠️ 警告: MiniMax-M2 使用量已达到 100.0%，超过 80% 阈值！
2026-03-01 15:07:34,787 - INFO - MiniMax-M2.1: 已用 1500/1500 (100.0%), 剩余 0
2026-03-01 15:07:34,787 - WARNING - ⚠️ 警告: MiniMax-M2.1 使用量已达到 100.0%，超过 80% 阈值！
2026-03-01 15:07:34,787 - INFO - MiniMax-M2.5: 已用 1500/1500 (100.0%), 剩余 0
2026-03-01 15:07:34,788 - WARNING - ⚠️ 警告: MiniMax-M2.5 使用量已达到 100.0%，超过 80% 阈值！
2026-03-01 15:08:34,887 - INFO - 执行定时配额检查...
2026-03-01 15:08:35,138 - INFO - MiniMax-M2: 已用 1496/1500 (99.7%), 剩余 4
2026-03-01 15:08:35,138 - WARNING - ⚠️ 警告: MiniMax-M2 使用量已达到 99.7%，超过 80% 阈值！
2026-03-01 15:08:35,138 - INFO - MiniMax-M2.1: 已用 1496/1500 (99.7%), 剩余 4
2026-03-01 15:08:35,139 - WARNING - ⚠️ 警告: MiniMax-M2.1 使用量已达到 99.7%，超过 80% 阈值！
2026-03-01 15:08:35,139 - INFO - MiniMax-M2.5: 已用 1496/1500 (99.7%), 剩余 4
2026-03-01 15:08:35,139 - WARNING - ⚠️ 警告: MiniMax-M2.5 使用量已达到 99.7%，超过 80% 阈值！
2026-03-01 15:09:35,289 - INFO - 执行定时配额检查...
2026-03-01 15:09:35,505 - INFO - MiniMax-M2: 已用 1494/1500 (99.6%), 剩余 6
2026-03-01 15:09:35,506 - WARNING - ⚠️ 警告: MiniMax-M2 使用量已达到 99.6%，超过 80% 阈值！
2026-03-01 15:09:35,506 - INFO - MiniMax-M2.1: 已用 1494/1500 (99.6%), 剩余 6
2026-03-01 15:09:35,506 - WARNING - ⚠️ 警告: MiniMax-M2.1 使用量已达到 99.6%，超过 80% 阈值！
2026-03-01 15:09:35,506 - INFO - MiniMax-M2.5: 已用 1494/1500 (99.6%), 剩余 6
2026-03-01 15:09:35,506 - WARNING - ⚠️ 警告: MiniMax-M2.5 使用量已达到 99.6%，超过 80% 阈值！
2026-03-01 15:10:35,560 - INFO - 执行定时配额检查...
2026-03-01 15:10:35,934 - INFO - MiniMax-M2: 已用 1493/1500 (99.5%), 剩余 7
2026-03-01 15:10:35,934 - WARNING - ⚠️ 警告: MiniMax-M2 使用量已达到 99.5%，超过 80% 阈值！
2026-03-01 15:10:35,934 - INFO - MiniMax-M2.1: 已用 1493/1500 (99.5%), 剩余 7
2026-03-01 15:10:35,934 - WARNING - ⚠️ 警告: MiniMax-M2.1 使用量已达到 99.5%，超过 80% 阈值！
2026-03-01 15:10:35,934 - INFO - MiniMax-M2.5: 已用 1493/1500 (99.5%), 剩余 7
2026-03-01 15:10:35,934 - WARNING - ⚠️ 警告: MiniMax-M2.5 使用量已达到 99.5%，超过 80% 阈值！
2026-03-01 15:11:35,979 - INFO - 执行定时配额检查...
2026-03-01 15:11:36,236 - INFO - MiniMax-M2: 已用 1493/1500 (99.5%), 剩余 7
2026-03-01 15:11:36,237 - WARNING - ⚠️ 警告: MiniMax-M2 使用量已达到 99.5%，超过 80% 阈值！
2026-03-01 15:11:36,237 - INFO - MiniMax-M2.1: 已用 1493/1500 (99.5%), 剩余 7
2026-03-01 15:11:36,237 - WARNING - ⚠️ 警告: MiniMax-M2.1 使用量已达到 99.5%，超过 80% 阈值！
2026-03-01 15:11:36,237 - INFO - MiniMax-M2.5: 已用 1493/1500 (99.5%), 剩余 7
2026-03-01 15:11:36,237 - WARNING - ⚠️ 警告: MiniMax-M2.5 使用量已达到 99.5%，超过 80% 阈值！
2026-03-01 15:12:36,370 - INFO - 执行定时配额检查...
2026-03-01 15:12:36,573 - INFO - MiniMax-M2: 已用 1490/1500 (99.3%), 剩余 10
2026-03-01 15:12:36,574 - WARNING - ⚠️ 警告: MiniMax-M2 使用量已达到 99.3%，超过 80% 阈值！
2026-03-01 15:12:36,574 - INFO - MiniMax-M2.1: 已用 1490/1500 (99.3%), 剩余 10
2026-03-01 15:12:36,574 - WARNING - ⚠️ 警告: MiniMax-M2.1 使用量已达到 99.3%，超过 80% 阈值！
2026-03-01 15:12:36,574 - INFO - MiniMax-M2.5: 已用 1490/1500 (99.3%), 剩余 10
2026-03-01 15:12:36,574 - WARNING - ⚠️ 警告: MiniMax-M2.5 使用量已达到 99.3%，超过 80% 阈值！
2026-03-01 15:13:36,701 - INFO - 执行定时配额检查...
2026-03-01 15:13:37,032 - INFO - MiniMax-M2: 已用 1490/1500 (99.3%), 剩余 10
2026-03-01 15:13:37,032 - WARNING - ⚠️ 警告: MiniMax-M2 使用量已达到 99.3%，超过 80% 阈值！
2026-03-01 15:13:37,032 - INFO - MiniMax-M2.1: 已用 1490/1500 (99.3%), 剩余 10
2026-03-01 15:13:37,032 - WARNING - ⚠️ 警告: MiniMax-M2.1 使用量已达到 99.3%，超过 80% 阈值！
2026-03-01 15:13:37,032 - INFO - MiniMax-M2.5: 已用 1490/1500 (99.3%), 剩余 10
2026-03-01 15:13:37,032 - WARNING - ⚠️ 警告: MiniMax-M2.5 使用量已达到 99.3%，超过 80% 阈值！
2026-03-01 15:14:37,177 - INFO - 执行定时配额检查...
2026-03-01 15:14:37,386 - INFO - MiniMax-M2: 已用 1486/1500 (99.1%), 剩余 14
2026-03-01 15:14:37,386 - WARNING - ⚠️ 警告: MiniMax-M2 使用量已达到 99.1%，超过 80% 阈值！
2026-03-01 15:14:37,386 - INFO - MiniMax-M2.1: 已用 1486/1500 (99.1%), 剩余 14
2026-03-01 15:14:37,386 - WARNING - ⚠️ 警告: MiniMax-M2.1 使用量已达到 99.1%，超过 80% 阈值！
2026-03-01 15:14:37,386 - INFO - MiniMax-M2.5: 已用 1486/1500 (99.1%), 剩余 14
2026-03-01 15:14:37,386 - WARNING - ⚠️ 警告: MiniMax-M2.5 使用量已达到 99.1%，超过 80% 阈值！
2026-03-01 15:15:37,537 - INFO - 执行定时配额检查...
2026-03-01 15:15:37,822 - INFO - MiniMax-M2: 已用 1485/1500 (99.0%), 剩余 15
2026-03-01 15:15:37,823 - WARNING - ⚠️ 警告: MiniMax-M2 使用量已达到 99.0%，超过 80% 阈值！
2026-03-01 15:15:37,823 - INFO - MiniMax-M2.1: 已用 1485/1500 (99.0%), 剩余 15
2026-03-01 15:15:37,823 - WARNING - ⚠️ 警告: MiniMax-M2.1 使用量已达到 99.0%，超过 80% 阈值！
2026-03-01 15:15:37,823 - INFO - MiniMax-M2.5: 已用 1485/1500 (99.0%), 剩余 15
2026-03-01 15:15:37,823 - WARNING - ⚠️ 警告: MiniMax-M2.5 使用量已达到 99.0%，超过 80% 阈值！
2026-03-01 15:16:37,952 - INFO - 执行定时配额检查...
2026-03-01 15:16:38,188 - INFO - MiniMax-M2: 已用 1485/1500 (99.0%), 剩余 15
2026-03-01 15:16:38,189 - WARNING - ⚠️ 警告: MiniMax-M2 使用量已达到 99.0%，超过 80% 阈值！
2026-03-01 15:16:38,189 - INFO - MiniMax-M2.1: 已用 1485/1500 (99.0%), 剩余 15
2026-03-01 15:16:38,189 - WARNING - ⚠️ 警告: MiniMax-M2.1 使用量已达到 99.0%，超过 80% 阈值！
2026-03-01 15:16:38,189 - INFO - MiniMax-M2.5: 已用 1485/1500 (99.0%), 剩余 15
2026-03-01 15:16:38,189 - WARNING - ⚠️ 警告: MiniMax-M2.5 使用量已达到 99.0%，超过 80% 阈值！
2026-03-01 15:17:38,211 - INFO - 执行定时配额检查...
2026-03-01 15:17:38,447 - INFO - MiniMax-M2: 已用 1485/1500 (99.0%), 剩余 15
2026-03-01 15:17:38,448 - WARNING - ⚠️ 警告: MiniMax-M2 使用量已达到 99.0%，超过 80% 阈值！
2026-03-01 15:17:38,448 - INFO - MiniMax-M2.1: 已用 1485/1500 (99.0%), 剩余 15
2026-03-01 15:17:38,448 - WARNING - ⚠️ 警告: MiniMax-M2.1 使用量已达到 99.0%，超过 80% 阈值！
2026-03-01 15:17:38,448 - INFO - MiniMax-M2.5: 已用 1485/1500 (99.0%), 剩余 15
2026-03-01 15:17:38,448 - WARNING - ⚠️ 警告: MiniMax-M2.5 使用量已达到 99.0%，超过 80% 阈值！
2026-03-01 15:18:38,599 - INFO - 执行定时配额检查...
2026-03-01 15:18:39,151 - INFO - MiniMax-M2: 已用 1485/1500 (99.0%), 剩余 15
2026-03-01 15:18:39,152 - WARNING - ⚠️ 警告: MiniMax-M2 使用量已达到 99.0%，超过 80% 阈值！
2026-03-01 15:18:39,152 - INFO - MiniMax-M2.1: 已用 1485/1500 (99.0%), 剩余 15
2026-03-01 15:18:39,152 - WARNING - ⚠️ 警告: MiniMax-M2.1 使用量已达到 99.0%，超过 80% 阈值！
2026-03-01 15:18:39,152 - INFO - MiniMax-M2.5: 已用 1485/1500 (99.0%), 剩余 15
2026-03-01 15:18:39,152 - WARNING - ⚠️ 警告: MiniMax-M2.5 使用量已达到 99.0%，超过 80% 阈值！
